<?xml version="1.0" encoding="UTF-8"?>
<testng-results skipped="0" failed="0" total="1" passed="1">
  <reporter-output>
  </reporter-output>
  <suite name="somesuite" duration-ms="41144" started-at="2017-04-08T01:13:37Z" finished-at="2017-04-08T01:14:18Z">
    <groups>
    </groups>
    <test name="Smoke" duration-ms="41144" started-at="2017-04-08T01:13:37Z" finished-at="2017-04-08T01:14:18Z">
      <class name="com.sonar.cubes.test.smoke.TestLoginUS001">
        <test-method status="PASS" signature="Setup()[pri:0, instance:com.sonar.cubes.test.smoke.TestLoginUS001@c3fd8b]" name="Setup" is-config="true" duration-ms="7682" started-at="2017-04-08T06:43:37Z" finished-at="2017-04-08T06:43:45Z">
          <reporter-output>
          </reporter-output>
        </test-method> <!-- Setup -->
        <test-method status="PASS" signature="testValidLoginTC001()[pri:0, instance:com.sonar.cubes.test.smoke.TestLoginUS001@c3fd8b]" name="testValidLoginTC001" duration-ms="23323" started-at="2017-04-08T06:43:45Z" finished-at="2017-04-08T06:44:08Z">
          <reporter-output>
          </reporter-output>
        </test-method> <!-- testValidLoginTC001 -->
        <test-method status="PASS" signature="Teardown()[pri:0, instance:com.sonar.cubes.test.smoke.TestLoginUS001@c3fd8b]" name="Teardown" is-config="true" duration-ms="10127" started-at="2017-04-08T06:44:08Z" finished-at="2017-04-08T06:44:18Z">
          <reporter-output>
          </reporter-output>
        </test-method> <!-- Teardown -->
      </class> <!-- com.sonar.cubes.test.smoke.TestLoginUS001 -->
    </test> <!-- Smoke -->
  </suite> <!-- somesuite -->
</testng-results>
