<?xml version="1.0" encoding="UTF-8"?>
<testng-results skipped="0" failed="0" ignored="0" total="1" passed="1">
  <reporter-output>
  </reporter-output>
  <suite name="Default suite" duration-ms="44348" started-at="2017-04-08T00:48:10Z" finished-at="2017-04-08T00:48:54Z">
    <groups>
    </groups>
    <test name="Default test" duration-ms="44348" started-at="2017-04-08T00:48:10Z" finished-at="2017-04-08T00:48:54Z">
      <class name="com.sonar.cubes.test.smoke.TestLoginUS001">
        <test-method status="PASS" signature="Setup()[pri:0, instance:com.sonar.cubes.test.smoke.TestLoginUS001@a3ffec]" name="Setup" is-config="true" duration-ms="10066" started-at="2017-04-08T06:18:10Z" finished-at="2017-04-08T06:18:20Z">
          <reporter-output>
          </reporter-output>
        </test-method> <!-- Setup -->
        <test-method status="PASS" signature="testValidLoginTC001()[pri:0, instance:com.sonar.cubes.test.smoke.TestLoginUS001@a3ffec]" name="testValidLoginTC001" duration-ms="24126" started-at="2017-04-08T06:18:20Z" finished-at="2017-04-08T06:18:44Z">
          <reporter-output>
          </reporter-output>
        </test-method> <!-- testValidLoginTC001 -->
        <test-method status="PASS" signature="Teardown()[pri:0, instance:com.sonar.cubes.test.smoke.TestLoginUS001@a3ffec]" name="Teardown" is-config="true" duration-ms="10131" started-at="2017-04-08T06:18:44Z" finished-at="2017-04-08T06:18:54Z">
          <reporter-output>
          </reporter-output>
        </test-method> <!-- Teardown -->
      </class> <!-- com.sonar.cubes.test.smoke.TestLoginUS001 -->
    </test> <!-- Default test -->
  </suite> <!-- Default suite -->
</testng-results>
